\BOOKMARK [1][-]{section.1}{Background}{}% 1
\BOOKMARK [2][-]{subsection.1.1}{What\040is\040PU\040learning?}{section.1}% 2
\BOOKMARK [2][-]{subsection.1.2}{Why\040PU\040learning?}{section.1}% 3
\BOOKMARK [2][-]{subsection.1.3}{Notation}{section.1}% 4
\BOOKMARK [1][-]{section.2}{Preliminaries}{}% 5
\BOOKMARK [2][-]{subsection.2.1}{The\040bias\040of\040a\040point\040estimator}{section.2}% 6
\BOOKMARK [2][-]{subsection.2.2}{MSE\040of\040an\040estimator}{section.2}% 7
\BOOKMARK [2][-]{subsection.2.3}{Consistency\040of\040an\040estimator}{section.2}% 8
\BOOKMARK [2][-]{subsection.2.4}{Almost\040surely}{section.2}% 9
\BOOKMARK [2][-]{subsection.2.5}{Estimation\040error\040bound\040of\040a\040hypothesis}{section.2}% 10
\BOOKMARK [2][-]{subsection.2.6}{The\040infinity\040norm\040of\040a\040function}{section.2}% 11
\BOOKMARK [2][-]{subsection.2.7}{Mcdiarmid's\040inequality}{section.2}% 12
\BOOKMARK [2][-]{subsection.2.8}{Contraction\040Lemma}{section.2}% 13
\BOOKMARK [1][-]{section.3}{Progress\040and\040Motivation}{}% 14
\BOOKMARK [2][-]{subsection.3.1}{Earlier}{section.3}% 15
\BOOKMARK [2][-]{subsection.3.2}{unbiased\040PU\040learning}{section.3}% 16
\BOOKMARK [1][-]{section.4}{R"0365Rpu\(g\)\040as\040an\040estimator}{}% 17
\BOOKMARK [2][-]{subsection.4.1}{Bias}{section.4}% 18
\BOOKMARK [2][-]{subsection.4.2}{consistency}{section.4}% 19
\BOOKMARK [2][-]{subsection.4.3}{Mean\040Squared\040error}{section.4}% 20
\BOOKMARK [1][-]{section.5}{The\040estimation\040error\040bound\040of\040g"0365gpu}{}% 21
\BOOKMARK [1][-]{section.6}{Assumption}{}% 22
